  aBehaviors.cpp
aBehaviors.cpp(244): warning C4101: 'dist': unreferenced local variable
aBehaviors.cpp(405): warning C4018: '<': signed/unsigned mismatch
aBehaviors.cpp(452): warning C4018: '<': signed/unsigned mismatch
aBehaviors.cpp(498): warning C4018: '<': signed/unsigned mismatch
aBehaviors.cpp(545): warning C4018: '<': signed/unsigned mismatch
aBehaviors.cpp(557): warning C4018: '<': signed/unsigned mismatch
aBehaviors.cpp(576): warning C4018: '<': signed/unsigned mismatch
aBehaviors.cpp(634): warning C4018: '<': signed/unsigned mismatch
  libassignment5.vcxproj -> F:\UPenn\CIS562\hw9-behavioral-animation-Zichuanyun\HW9 - AnimationToolkit - 2017\libsrc\animation\..\..\lib\libassignment5d.lib
  aActor.h
  aBehaviorController.h
  aBehaviors.h
  aBVHController.h
  aFireworks.h
  aIKController.h
  aJitter.h
  aJoint.h
  aMatrix.h
  aMotion.h
  aMotionController.h
  aParticle.h
  aParticleSystem.h
  aRocket.h
  aRotation.h
  aSkeleton.h
  aSpark.h
  aSplineQuat.h
  aSplineQuaternion.h
  aSplineVec3.h
  aTarget.h
  aTransform.h
  aVector.h
  已复制        23 个文件。
